<?xml version="1.0" encoding="UTF-8"?>
<testsuite xmlns:xsi="http://www.w3.org/2001/XMLSchema-instance" xsi:noNamespaceSchemaLocation="https://maven.apache.org/surefire/maven-surefire-plugin/xsd/surefire-test-report.xsd" name="com.afd.mate.domain.service.GetStockMarketPricePortIntegrationTest" time="0.317" tests="1" errors="0" skipped="0" failures="0">
  <properties>
[...]
</properties>
  <testcase name="get" classname="com.afd.mate.domain.service.GetStockMarketPricePortIntegrationTest" time="0.284"/>
</testsuite>